[00:00:50] [ServerMain/INFO]: Environment: Environment[sessionHost=https://sessionserver.mojang.com, servicesHost=https://api.minecraftservices.com, name=PROD]
[00:00:53] [ServerMain/INFO]: Loaded 7 recipes
[00:00:56] [Server thread/INFO]: Starting minecraft server version 1.20.4
[00:00:56] [Server thread/INFO]: Loading properties
[00:00:56] [Server thread/INFO]: This server is running CraftBukkit version 4090-Spigot-b754dcc-38b1f49 (MC: 1.20.4) (Implementing API version 1.20.4-R0.1-SNAPSHOT)
[00:00:57] [Server thread/INFO]: Debug logging is disabled
[00:00:57] [Server thread/INFO]: Using 4 threads for Netty based IO
[00:00:57] [Server thread/INFO]: Server Ping Player Sample Count: 12
[00:00:57] [Server thread/INFO]: Default game type: SURVIVAL
[00:00:57] [Server thread/INFO]: Generating keypair
[00:00:57] [Server thread/INFO]: Starting Minecraft server on *:25565
[00:00:57] [Server thread/INFO]: Using default channel type
[00:00:57] [Server thread/ERROR]: Could not load 'plugins\worldedit-bukkit-7.3.1.jar'
org.bukkit.plugin.InvalidPluginException: java.lang.UnsupportedClassVersionError: com/sk89q/worldedit/bukkit/WorldEditPlugin has been compiled by a more recent version of the Java Runtime (class file version 65.0), this version of the Java Runtime only recognizes class file versions up to 61.0
	at org.bukkit.plugin.java.JavaPluginLoader.loadPlugin(JavaPluginLoader.java:149) ~[spigot-api-1.20.4-R0.1-SNAPSHOT.jar:?]
	at org.bukkit.plugin.SimplePluginManager.loadPlugin(SimplePluginManager.java:405) ~[spigot-api-1.20.4-R0.1-SNAPSHOT.jar:?]
	at org.bukkit.plugin.SimplePluginManager.loadPlugins(SimplePluginManager.java:312) ~[spigot-api-1.20.4-R0.1-SNAPSHOT.jar:?]
	at org.bukkit.plugin.SimplePluginManager.loadPlugins(SimplePluginManager.java:121) ~[spigot-api-1.20.4-R0.1-SNAPSHOT.jar:?]
	at org.bukkit.craftbukkit.v1_20_R3.CraftServer.loadPlugins(CraftServer.java:430) ~[spigot-1.20.4-R0.1-SNAPSHOT.jar:4090-Spigot-b754dcc-38b1f49]
	at net.minecraft.server.dedicated.DedicatedServer.e(DedicatedServer.java:223) ~[spigot-1.20.4-R0.1-SNAPSHOT.jar:4090-Spigot-b754dcc-38b1f49]
	at net.minecraft.server.MinecraftServer.w(MinecraftServer.java:1000) ~[spigot-1.20.4-R0.1-SNAPSHOT.jar:4090-Spigot-b754dcc-38b1f49]
	at net.minecraft.server.MinecraftServer.lambda$0(MinecraftServer.java:304) ~[spigot-1.20.4-R0.1-SNAPSHOT.jar:4090-Spigot-b754dcc-38b1f49]
	at java.lang.Thread.run(Thread.java:842) ~[?:?]
Caused by: java.lang.UnsupportedClassVersionError: com/sk89q/worldedit/bukkit/WorldEditPlugin has been compiled by a more recent version of the Java Runtime (class file version 65.0), this version of the Java Runtime only recognizes class file versions up to 61.0
	at java.lang.ClassLoader.defineClass1(Native Method) ~[?:?]
	at java.lang.ClassLoader.defineClass(ClassLoader.java:1017) ~[?:?]
	at java.security.SecureClassLoader.defineClass(SecureClassLoader.java:150) ~[?:?]
	at org.bukkit.plugin.java.PluginClassLoader.findClass(PluginClassLoader.java:206) ~[spigot-api-1.20.4-R0.1-SNAPSHOT.jar:?]
	at java.lang.ClassLoader.loadClass(ClassLoader.java:592) ~[?:?]
	at org.bukkit.plugin.java.PluginClassLoader.loadClass0(PluginClassLoader.java:117) ~[spigot-api-1.20.4-R0.1-SNAPSHOT.jar:?]
	at org.bukkit.plugin.java.PluginClassLoader.loadClass(PluginClassLoader.java:112) ~[spigot-api-1.20.4-R0.1-SNAPSHOT.jar:?]
	at java.lang.ClassLoader.loadClass(ClassLoader.java:525) ~[?:?]
	at java.lang.Class.forName0(Native Method) ~[?:?]
	at java.lang.Class.forName(Class.java:467) ~[?:?]
	at org.bukkit.plugin.java.PluginClassLoader.<init>(PluginClassLoader.java:68) ~[spigot-api-1.20.4-R0.1-SNAPSHOT.jar:?]
	at org.bukkit.plugin.java.JavaPluginLoader.loadPlugin(JavaPluginLoader.java:145) ~[spigot-api-1.20.4-R0.1-SNAPSHOT.jar:?]
	... 8 more
[00:00:57] [Server thread/INFO]: [Elevator] Loading Elevator v3.13.0
[00:00:57] [Server thread/INFO]: [ViaVersion] Loading ViaVersion v4.10.1
[00:00:57] [Server thread/INFO]: [ViaVersion] ViaVersion 4.10.1 is now loaded. Registering protocol transformers and injecting...
[00:00:58] [Via-Mappingloader-0/INFO]: [ViaVersion] Loading block connection mappings ...
[00:00:58] [Via-Mappingloader-0/INFO]: [ViaVersion] Using FastUtil Long2ObjectOpenHashMap for block connections
[00:00:58] [Server thread/INFO]: [Skript] Loading Skript v2.8.5
[00:00:58] [Server thread/INFO]: [ChunkLoader] Loading ChunkLoader v3.2.1
[00:00:58] [Server thread/INFO]: [skript-gui] Loading skript-gui v1.3
[00:00:58] [Server thread/INFO]: [SkQuery] Loading SkQuery v4.1.9
[00:00:58] [Server thread/WARN]: **** SERVER IS RUNNING IN OFFLINE/INSECURE MODE!
[00:00:58] [Server thread/WARN]: The server will make no attempt to authenticate usernames. Beware.
[00:00:58] [Server thread/WARN]: While this makes the game possible to play without internet access, it also opens up the ability for hackers to connect with any username they choose.
[00:00:58] [Server thread/WARN]: To change this, set "online-mode" to "true" in the server.properties file.
[00:00:59] [Server thread/INFO]: Preparing level "world"
[00:00:59] [Server thread/INFO]: -------- World Settings For [world] --------
[00:00:59] [Server thread/INFO]: Zombie Aggressive Towards Villager: true
[00:00:59] [Server thread/INFO]: Item Despawn Rate: 6000
[00:00:59] [Server thread/INFO]: Item Merge Radius: 2.5
[00:00:59] [Server thread/INFO]: Simulation Distance: 20
[00:00:59] [Server thread/INFO]: View Distance: 20
[00:00:59] [Server thread/INFO]: Allow Zombie Pigmen to spawn from portal blocks: true
[00:00:59] [Server thread/INFO]: Nerfing mobs spawned from spawners: false
[00:00:59] [Server thread/INFO]: Arrow Despawn Rate: 1200 Trident Respawn Rate:1200
[00:00:59] [Server thread/INFO]: Mob Spawn Range: 6
[00:00:59] [Server thread/INFO]: Experience Merge Radius: 3.0
[00:00:59] [Server thread/INFO]: Cactus Growth Modifier: 100%
[00:00:59] [Server thread/INFO]: Cane Growth Modifier: 100%
[00:00:59] [Server thread/INFO]: Melon Growth Modifier: 100%
[00:00:59] [Server thread/INFO]: Mushroom Growth Modifier: 100%
[00:00:59] [Server thread/INFO]: Pumpkin Growth Modifier: 100%
[00:00:59] [Server thread/INFO]: Sapling Growth Modifier: 100%
[00:00:59] [Server thread/INFO]: Beetroot Growth Modifier: 100%
[00:00:59] [Server thread/INFO]: Carrot Growth Modifier: 100%
[00:00:59] [Server thread/INFO]: Potato Growth Modifier: 100%
[00:00:59] [Server thread/INFO]: Wheat Growth Modifier: 100%
[00:00:59] [Server thread/INFO]: NetherWart Growth Modifier: 100%
[00:00:59] [Server thread/INFO]: Vine Growth Modifier: 100%
[00:00:59] [Server thread/INFO]: Cocoa Growth Modifier: 100%
[00:00:59] [Server thread/INFO]: Bamboo Growth Modifier: 100%
[00:00:59] [Server thread/INFO]: SweetBerry Growth Modifier: 100%
[00:00:59] [Server thread/INFO]: Kelp Growth Modifier: 100%
[00:00:59] [Server thread/INFO]: TwistingVines Growth Modifier: 100%
[00:00:59] [Server thread/INFO]: WeepingVines Growth Modifier: 100%
[00:00:59] [Server thread/INFO]: CaveVines Growth Modifier: 100%
[00:00:59] [Server thread/INFO]: Entity Activation Range: An 32 / Mo 32 / Ra 48 / Mi 16 / Tiv true / Isa false
[00:00:59] [Server thread/INFO]: Entity Tracking Range: Pl 48 / An 48 / Mo 48 / Mi 32 / Di 128 / Other 64
[00:00:59] [Server thread/INFO]: Hopper Transfer: 8 Hopper Check: 1 Hopper Amount: 1 Hopper Can Load Chunks: false
[00:00:59] [Server thread/INFO]: Custom Map Seeds:  Village: 10387312 Desert: 14357617 Igloo: 14357618 Jungle: 14357619 Swamp: 14357620 Monument: 10387313 Ocean: 14357621 Shipwreck: 165745295 End City: 10387313 Slime: 987234911 Nether: 30084232 Mansion: 10387319 Fossil: 14357921 Portal: 34222645
[00:00:59] [Server thread/INFO]: Max TNT Explosions: 100
[00:00:59] [Server thread/INFO]: Tile Max Tick Time: 50ms Entity max Tick Time: 50ms
[00:00:59] [Server thread/INFO]: -------- World Settings For [world_nether] --------
[00:00:59] [Server thread/INFO]: Zombie Aggressive Towards Villager: true
[00:00:59] [Server thread/INFO]: Item Despawn Rate: 6000
[00:00:59] [Server thread/INFO]: Item Merge Radius: 2.5
[00:00:59] [Server thread/INFO]: Simulation Distance: 20
[00:00:59] [Server thread/INFO]: View Distance: 20
[00:00:59] [Server thread/INFO]: Allow Zombie Pigmen to spawn from portal blocks: true
[00:00:59] [Server thread/INFO]: Nerfing mobs spawned from spawners: false
[00:00:59] [Server thread/INFO]: Arrow Despawn Rate: 1200 Trident Respawn Rate:1200
[00:00:59] [Server thread/INFO]: Mob Spawn Range: 6
[00:00:59] [Server thread/INFO]: Experience Merge Radius: 3.0
[00:00:59] [Server thread/INFO]: Cactus Growth Modifier: 100%
[00:00:59] [Server thread/INFO]: Cane Growth Modifier: 100%
[00:00:59] [Server thread/INFO]: Melon Growth Modifier: 100%
[00:00:59] [Server thread/INFO]: Mushroom Growth Modifier: 100%
[00:00:59] [Server thread/INFO]: Pumpkin Growth Modifier: 100%
[00:00:59] [Server thread/INFO]: Sapling Growth Modifier: 100%
[00:00:59] [Server thread/INFO]: Beetroot Growth Modifier: 100%
[00:00:59] [Server thread/INFO]: Carrot Growth Modifier: 100%
[00:00:59] [Server thread/INFO]: Potato Growth Modifier: 100%
[00:00:59] [Server thread/INFO]: Wheat Growth Modifier: 100%
[00:00:59] [Server thread/INFO]: NetherWart Growth Modifier: 100%
[00:00:59] [Server thread/INFO]: Vine Growth Modifier: 100%
[00:00:59] [Server thread/INFO]: Cocoa Growth Modifier: 100%
[00:00:59] [Server thread/INFO]: Bamboo Growth Modifier: 100%
[00:00:59] [Server thread/INFO]: SweetBerry Growth Modifier: 100%
[00:00:59] [Server thread/INFO]: Kelp Growth Modifier: 100%
[00:00:59] [Server thread/INFO]: TwistingVines Growth Modifier: 100%
[00:00:59] [Server thread/INFO]: WeepingVines Growth Modifier: 100%
[00:00:59] [Server thread/INFO]: CaveVines Growth Modifier: 100%
[00:00:59] [Server thread/INFO]: Entity Activation Range: An 32 / Mo 32 / Ra 48 / Mi 16 / Tiv true / Isa false
[00:00:59] [Server thread/INFO]: Entity Tracking Range: Pl 48 / An 48 / Mo 48 / Mi 32 / Di 128 / Other 64
[00:00:59] [Server thread/INFO]: Hopper Transfer: 8 Hopper Check: 1 Hopper Amount: 1 Hopper Can Load Chunks: false
[00:00:59] [Server thread/INFO]: Custom Map Seeds:  Village: 10387312 Desert: 14357617 Igloo: 14357618 Jungle: 14357619 Swamp: 14357620 Monument: 10387313 Ocean: 14357621 Shipwreck: 165745295 End City: 10387313 Slime: 987234911 Nether: 30084232 Mansion: 10387319 Fossil: 14357921 Portal: 34222645
[00:00:59] [Server thread/INFO]: Max TNT Explosions: 100
[00:00:59] [Server thread/INFO]: Tile Max Tick Time: 50ms Entity max Tick Time: 50ms
[00:00:59] [Server thread/INFO]: -------- World Settings For [world_the_end] --------
[00:00:59] [Server thread/INFO]: Zombie Aggressive Towards Villager: true
[00:00:59] [Server thread/INFO]: Item Despawn Rate: 6000
[00:00:59] [Server thread/INFO]: Item Merge Radius: 2.5
[00:00:59] [Server thread/INFO]: Simulation Distance: 20
[00:00:59] [Server thread/INFO]: View Distance: 20
[00:00:59] [Server thread/INFO]: Allow Zombie Pigmen to spawn from portal blocks: true
[00:00:59] [Server thread/INFO]: Nerfing mobs spawned from spawners: false
[00:00:59] [Server thread/INFO]: Arrow Despawn Rate: 1200 Trident Respawn Rate:1200
[00:00:59] [Server thread/INFO]: Mob Spawn Range: 6
[00:00:59] [Server thread/INFO]: Experience Merge Radius: 3.0
[00:00:59] [Server thread/INFO]: Cactus Growth Modifier: 100%
[00:00:59] [Server thread/INFO]: Cane Growth Modifier: 100%
[00:00:59] [Server thread/INFO]: Melon Growth Modifier: 100%
[00:00:59] [Server thread/INFO]: Mushroom Growth Modifier: 100%
[00:00:59] [Server thread/INFO]: Pumpkin Growth Modifier: 100%
[00:00:59] [Server thread/INFO]: Sapling Growth Modifier: 100%
[00:00:59] [Server thread/INFO]: Beetroot Growth Modifier: 100%
[00:00:59] [Server thread/INFO]: Carrot Growth Modifier: 100%
[00:00:59] [Server thread/INFO]: Potato Growth Modifier: 100%
[00:00:59] [Server thread/INFO]: Wheat Growth Modifier: 100%
[00:00:59] [Server thread/INFO]: NetherWart Growth Modifier: 100%
[00:00:59] [Server thread/INFO]: Vine Growth Modifier: 100%
[00:00:59] [Server thread/INFO]: Cocoa Growth Modifier: 100%
[00:00:59] [Server thread/INFO]: Bamboo Growth Modifier: 100%
[00:00:59] [Server thread/INFO]: SweetBerry Growth Modifier: 100%
[00:00:59] [Server thread/INFO]: Kelp Growth Modifier: 100%
[00:00:59] [Server thread/INFO]: TwistingVines Growth Modifier: 100%
[00:00:59] [Server thread/INFO]: WeepingVines Growth Modifier: 100%
[00:00:59] [Server thread/INFO]: CaveVines Growth Modifier: 100%
[00:00:59] [Server thread/INFO]: Entity Activation Range: An 32 / Mo 32 / Ra 48 / Mi 16 / Tiv true / Isa false
[00:00:59] [Server thread/INFO]: Entity Tracking Range: Pl 48 / An 48 / Mo 48 / Mi 32 / Di 128 / Other 64
[00:00:59] [Server thread/INFO]: Hopper Transfer: 8 Hopper Check: 1 Hopper Amount: 1 Hopper Can Load Chunks: false
[00:00:59] [Server thread/INFO]: Custom Map Seeds:  Village: 10387312 Desert: 14357617 Igloo: 14357618 Jungle: 14357619 Swamp: 14357620 Monument: 10387313 Ocean: 14357621 Shipwreck: 165745295 End City: 10387313 Slime: 987234911 Nether: 30084232 Mansion: 10387319 Fossil: 14357921 Portal: 34222645
[00:00:59] [Server thread/INFO]: Max TNT Explosions: 100
[00:00:59] [Server thread/INFO]: Tile Max Tick Time: 50ms Entity max Tick Time: 50ms
[00:01:00] [Server thread/INFO]: Preparing start region for dimension minecraft:overworld
[00:01:02] [Worker-Main-10/INFO]: Preparing spawn area: 0%
[00:01:02] [Worker-Main-10/INFO]: Preparing spawn area: 0%
[00:01:02] [Worker-Main-10/INFO]: Preparing spawn area: 0%
[00:01:02] [Worker-Main-10/INFO]: Preparing spawn area: 0%
[00:01:02] [Worker-Main-4/INFO]: Preparing spawn area: 0%
[00:01:02] [Worker-Main-4/INFO]: Preparing spawn area: 0%
[00:01:03] [Worker-Main-12/INFO]: Preparing spawn area: 61%
[00:01:03] [Worker-Main-7/INFO]: Preparing spawn area: 100%
[00:01:03] [Server thread/INFO]: Time elapsed: 3578 ms
[00:01:03] [Server thread/INFO]: Preparing start region for dimension minecraft:the_nether
[00:01:04] [Worker-Main-2/INFO]: Preparing spawn area: 0%
[00:01:04] [Worker-Main-7/INFO]: Preparing spawn area: 0%
[00:01:04] [Worker-Main-2/INFO]: Preparing spawn area: 0%
[00:01:05] [Worker-Main-22/INFO]: Preparing spawn area: 43%
[00:01:05] [Server thread/INFO]: Time elapsed: 1652 ms
[00:01:05] [Server thread/INFO]: Preparing start region for dimension minecraft:the_end
[00:01:05] [Worker-Main-22/INFO]: Preparing spawn area: 0%
[00:01:05] [Worker-Main-22/INFO]: Preparing spawn area: 0%
[00:01:06] [Worker-Main-14/INFO]: Preparing spawn area: 3%
[00:01:06] [Server thread/INFO]: Time elapsed: 1238 ms
[00:01:06] [Server thread/INFO]: [Elevator] Enabling Elevator v3.13.0
[00:01:06] [Server thread/INFO]: [ViaVersion] Enabling ViaVersion v4.10.1
[00:01:06] [Server thread/INFO]: [ViaVersion] ViaVersion detected server version: 1.20.3-1.20.4 (765)
[00:01:06] [Server thread/INFO]: [Skript] Enabling Skript v2.8.5
[00:01:07] [ForkJoinPool.commonPool-worker-1/INFO]: [0;37;22m[[0;33;22mSkript[0;37;22m] [mA new version of Skript is available: [0;33;22m2.10.2[m (you're currently running [0;33;22m2.8.5[m)[m
[00:01:07] [ForkJoinPool.commonPool-worker-1/INFO]: [0;37;1mDownload it at: <aqua><u><link:https://github.com/SkriptLang/Skript/releases/download/2.10.2/Skript-2.10.2.jar>https://github.com/SkriptLang/Skript/releases/download/2.10.2/Skript-2.10.2.jar[m
[00:01:10] [Server thread/INFO]: [Skript] Loaded 233032 aliases in 3056ms[m
[00:01:10] [Server thread/INFO]: [Skript]  ~ created by & © Peter Güttinger aka Njol ~[m
[00:01:10] [Server thread/INFO]: [ChunkLoader] Enabling ChunkLoader v3.2.1
[00:01:10] [Server thread/INFO]: [0;32;22mChunk[0;32;1mLoader [0;37;22m>> [0;37;1m[0;37;1mEnabled Spigot version.[m
[00:01:10] [Server thread/INFO]: [0;32;22mChunk[0;32;1mLoader [0;37;22m>> [0;37;1m[0;37;22mmessages_en [0;32;1mfile was loaded successfully.[m
[00:01:10] [Server thread/INFO]: [0;32;22mChunk[0;32;1mLoader [0;37;22m>> [0;37;1m[0;32;1mChunk [0;37;22m18;-25;world [0;32;1mwas loaded correctly.[m
[00:01:10] [Server thread/INFO]: [0;32;22mChunk[0;32;1mLoader [0;37;22m>> [0;37;1m[0;32;1mChunk [0;37;22m17;-25;world [0;32;1mwas loaded correctly.[m
[00:01:10] [Server thread/INFO]: [0;32;22mChunk[0;32;1mLoader [0;37;22m>> [0;37;1m[0;32;1mChunk [0;37;22m6;-20;world [0;32;1mwas loaded correctly.[m
[00:01:10] [Server thread/INFO]: [0;32;22mChunk[0;32;1mLoader [0;37;22m>> [0;37;1m[0;32;1mChunk [0;37;22m5;-21;world [0;32;1mwas loaded correctly.[m
[00:01:10] [Server thread/INFO]: [0;32;22mChunk[0;32;1mLoader [0;37;22m>> [0;37;1m[0;32;1mChunk [0;37;22m5;-22;world [0;32;1mwas loaded correctly.[m
[00:01:10] [Server thread/INFO]: [0;32;22mChunk[0;32;1mLoader [0;37;22m>> [0;37;1m[0;32;1mChunk [0;37;22m6;-21;world [0;32;1mwas loaded correctly.[m
[00:01:10] [Server thread/INFO]: [0;32;22mChunk[0;32;1mLoader [0;37;22m>> [0;37;1m[0;32;1mChunk [0;37;22m7;-21;world [0;32;1mwas loaded correctly.[m
[00:01:10] [Server thread/INFO]: [0;32;22mChunk[0;32;1mLoader [0;37;22m>> [0;37;1m[0;32;1mChunk [0;37;22m7;-22;world [0;32;1mwas loaded correctly.[m
[00:01:10] [Server thread/INFO]: [0;32;22mChunk[0;32;1mLoader [0;37;22m>> [0;37;1m[0;32;1mChunk [0;37;22m6;-22;world [0;32;1mwas loaded correctly.[m
[00:01:10] [Server thread/INFO]: [0;37;1m[m
[00:01:10] [Server thread/INFO]: [0;37;1m [0;37;22mChunkLoader [0;33;22muse [0;37;22mInventoryAPI developed by KayTeam[m
[00:01:10] [Server thread/INFO]: [0;37;1m[m
[00:01:10] [Server thread/INFO]: [0;37;1m [0;33;22mWebsite: [0;37;22mhttps://kayteam.org[m
[00:01:10] [Server thread/INFO]: [0;37;1m [0;33;22mGithub: [0;37;22mhttps://github.com/KayTeam-Studio/inventory-api[m
[00:01:10] [Server thread/INFO]: [0;37;1m[m
[00:01:10] [Server thread/INFO]: [0;37;22m[m
[00:01:10] [Server thread/INFO]: [0;36;22m* ChunkLoader [0;32;1mEnabled[m
[00:01:10] [Server thread/INFO]: [0;36;22m*[m
[00:01:10] [Server thread/INFO]: [0;36;22m* [0;36;1mVersion: [0;37;1m3.2.1[m
[00:01:10] [Server thread/INFO]: [0;36;22m* [0;36;1mAuthor: [0;37;1mKayTeam[m
[00:01:10] [Server thread/INFO]: [0;36;22m* [0;36;1mWebsite: [0;37;1mhttps://kayteam.org[m
[00:01:10] [Server thread/INFO]: [0;36;22m*[m
[00:01:10] [Server thread/INFO]: [0;36;22m* [0;36;1mI like the bread![m
[00:01:10] [Server thread/INFO]: [0;37;22m[m
[00:01:10] [Server thread/INFO]: [skript-gui] Enabling skript-gui v1.3
[00:01:10] [Server thread/INFO]: [Skript] [0;33;1m    Missing version in default.lang[m[m
[00:01:10] [Server thread/INFO]: [SkQuery] Enabling SkQuery v4.1.9
[00:01:10] [Server thread/INFO]: [skQuery] Locating classes from SkQuery...
[00:01:10] [Server thread/INFO]: [skQuery] Beginning to process a total of 119 from SkQuery
[00:01:10] [Server thread/INFO]: [skQuery] Out of 119 classes, 119 classes were loaded from SkQuery
[00:01:10] [Server thread/INFO]: Server permissions file permissions.yml is empty, ignoring it
[00:01:10] [Server thread/INFO]: Done (11.900s)! For help, type "help"
[00:01:10] [Craft Scheduler Thread - 1/INFO]: [ViaVersion] Finished mapping loading, shutting down loader executor!
[00:01:10] [Server thread/INFO]: [Skript] Loading variables...[m
[00:01:10] [Server thread/INFO]: [Skript] Loaded 208 variables in 0.0 seconds[m
[00:01:11] [Server thread/INFO]: [Skript] [0;31;1m[21mLine 1:[0;37;22m (TabCompleter.sk)[m[m
[00:01:11] [Server thread/INFO]: [0;31;1m    A tab completer cannot be assigned before the command is defined.[m[m
[00:01:11] [Server thread/INFO]: [0;33;22m    Line: [0;37;22mon tab completion for command "warp":[m[m
[00:01:11] [Server thread/INFO]:  [m[m
[00:01:11] [Server thread/INFO]: [Skript] [0;33;22m[21mLine 222:[0;37;22m (Shop.sk)[m[m
[00:01:11] [Server thread/INFO]: [0;33;1m    an inventory cannot be saved, i.e. the contents of the variable {Shop.shopgui.%loop-number%} will be lost when the server stops.[m[m
[00:01:11] [Server thread/INFO]: [0;33;22m    Line: [0;37;22mset {Shop.shopgui.%loop-number%} to chest inventory with 6 rows named {@SHOPNAME}[m[m
[00:01:11] [Server thread/INFO]:  [m[m
[00:01:11] [Server thread/INFO]: [Skript] [0;33;22m[21mLine 227:[0;37;22m (Shop.sk)[m[m
[00:01:11] [Server thread/INFO]: [0;33;1m    an inventory cannot be saved, i.e. the contents of the variable {Shop.shopgui.%loop-number%} will be lost when the server stops.[m[m
[00:01:11] [Server thread/INFO]: [0;33;22m    Line: [0;37;22mset {Shop.shopgui.%loop-number%} to chest inventory with 6 rows named {@SHOPNAME}[m[m
[00:01:11] [Server thread/INFO]:  [m[m
[00:01:11] [Server thread/INFO]: [Skript] [0;33;22m[21mLine 231:[0;37;22m (Shop.sk)[m[m
[00:01:11] [Server thread/INFO]: [0;33;1m    an inventory cannot be saved, i.e. the contents of the variable {Shop.shopgui.%loop-number%} will be lost when the server stops.[m[m
[00:01:11] [Server thread/INFO]: [0;33;22m    Line: [0;37;22mset {Shop.shopgui.%loop-number%} to chest inventory with 6 rows named {@SHOPNAME}[m[m
[00:01:11] [Server thread/INFO]:  [m[m
[00:01:11] [Server thread/INFO]: [Skript] [0;33;22m[21mLine 6:[0;37;22m (DeadLocation.sk)[m[m
[00:01:11] [Server thread/INFO]: [0;33;1m    In the future, players in variable names will use the player's UUID instead of their name. For information on how to make sure your scripts won't be impacted by this change, see https://github.com/SkriptLang/Skript/discussions/6270.[m[m
[00:01:11] [Server thread/INFO]: [0;33;22m    Line: [0;37;22mif {deathpos.%player%} is not set:[m[m
[00:01:11] [Server thread/INFO]:  [m[m
[00:01:11] [Server thread/INFO]: [Skript] [0;33;22m[21mLine 9:[0;37;22m (DeadLocation.sk)[m[m
[00:01:11] [Server thread/INFO]: [0;33;1m    In the future, players in variable names will use the player's UUID instead of their name. For information on how to make sure your scripts won't be impacted by this change, see https://github.com/SkriptLang/Skript/discussions/6270.[m[m
[00:01:11] [Server thread/INFO]: [0;33;22m    Line: [0;37;22mteleport player to {deathpos.%player%}[m[m
[00:01:11] [Server thread/INFO]:  [m[m
[00:01:11] [Server thread/INFO]: [Skript] [0;33;22m[21mLine 17:[0;37;22m (DeadLocation.sk)[m[m
[00:01:11] [Server thread/INFO]: [0;33;1m    In the future, players in variable names will use the player's UUID instead of their name. For information on how to make sure your scripts won't be impacted by this change, see https://github.com/SkriptLang/Skript/discussions/6270.[m[m
[00:01:11] [Server thread/INFO]: [0;33;22m    Line: [0;37;22msend "%{deathpos.%player%}%"[m[m
[00:01:11] [Server thread/INFO]:  [m[m
[00:01:11] [Server thread/INFO]: [Skript] [0;33;22m[21mLine 65:[0;37;22m (EconomyHandler.sk)[m[m
[00:01:11] [Server thread/INFO]: [0;33;1m    In the future, players in variable names will use the player's UUID instead of their name. For information on how to make sure your scripts won't be impacted by this change, see https://github.com/SkriptLang/Skript/discussions/6270.[m[m
[00:01:11] [Server thread/INFO]: [0;33;22m    Line: [0;37;22msend "&2[&6$&2]&r &2Balance: &3%{balance.%player%}%&6$"[m[m
[00:01:11] [Server thread/INFO]:  [m[m
[00:01:11] [Server thread/INFO]: [Skript] [0;33;22m[21mLine 68:[0;37;22m (EconomyHandler.sk)[m[m
[00:01:11] [Server thread/INFO]: [0;33;1m    In the future, players in variable names will use the player's UUID instead of their name. For information on how to make sure your scripts won't be impacted by this change, see https://github.com/SkriptLang/Skript/discussions/6270.[m[m
[00:01:11] [Server thread/INFO]: [0;33;22m    Line: [0;37;22msend "&2[&6$&2]&r &2%arg-1%: &3%{balance.%arg-1%}%&6$"[m[m
[00:01:11] [Server thread/INFO]:  [m[m
[00:01:11] [Server thread/INFO]: [Skript] [0;33;22m[21mLine 79:[0;37;22m (EconomyHandler.sk)[m[m
[00:01:11] [Server thread/INFO]: [0;33;1m    In the future, players in variable names will use the player's UUID instead of their name. For information on how to make sure your scripts won't be impacted by this change, see https://github.com/SkriptLang/Skript/discussions/6270.[m[m
[00:01:11] [Server thread/INFO]: [0;33;22m    Line: [0;37;22mif {balance.%player%} < arg 2:[m[m
[00:01:11] [Server thread/INFO]:  [m[m
[00:01:11] [Server thread/INFO]: [Skript] [0;33;22m[21mLine 83:[0;37;22m (EconomyHandler.sk)[m[m
[00:01:11] [Server thread/INFO]: [0;33;1m    In the future, players in variable names will use the player's UUID instead of their name. For information on how to make sure your scripts won't be impacted by this change, see https://github.com/SkriptLang/Skript/discussions/6270.[m[m
[00:01:11] [Server thread/INFO]: [0;33;22m    Line: [0;37;22mremove arg 2 from {balance.%player%}[m[m
[00:01:11] [Server thread/INFO]:  [m[m
[00:01:11] [Server thread/INFO]: [Skript] [0;33;22m[21mLine 85:[0;37;22m (EconomyHandler.sk)[m[m
[00:01:11] [Server thread/INFO]: [0;33;1m    In the future, players in variable names will use the player's UUID instead of their name. For information on how to make sure your scripts won't be impacted by this change, see https://github.com/SkriptLang/Skript/discussions/6270.[m[m
[00:01:11] [Server thread/INFO]: [0;33;22m    Line: [0;37;22madd arg 2 to {balance.%arg 1%}[m[m
[00:01:11] [Server thread/INFO]:  [m[m
[00:01:11] [Server thread/INFO]: [Skript] [0;33;22m[21mLine 101:[0;37;22m (EconomyHandler.sk)[m[m
[00:01:11] [Server thread/INFO]: [0;33;1m    In the future, players in variable names will use the player's UUID instead of their name. For information on how to make sure your scripts won't be impacted by this change, see https://github.com/SkriptLang/Skript/discussions/6270.[m[m
[00:01:11] [Server thread/INFO]: [0;33;22m    Line: [0;37;22mset {balance.%arg-1%} to arg 2[m[m
[00:01:11] [Server thread/INFO]:  [m[m
[00:01:11] [Server thread/INFO]: [Skript] [0;33;22m[21mLine 102:[0;37;22m (EconomyHandler.sk)[m[m
[00:01:11] [Server thread/INFO]: [0;33;1m    In the future, players in variable names will use the player's UUID instead of their name. For information on how to make sure your scripts won't be impacted by this change, see https://github.com/SkriptLang/Skript/discussions/6270.[m[m
[00:01:11] [Server thread/INFO]: [0;33;22m    Line: [0;37;22msend "&2[&6$&2]&r &2New Balance: &3%{balance.%arg-1%}%&6$ &2from &3%arg-1%"[m[m
[00:01:11] [Server thread/INFO]:  [m[m
[00:01:11] [Server thread/INFO]: [Skript] [0;33;22m[21mLine 116:[0;37;22m (EconomyHandler.sk)[m[m
[00:01:11] [Server thread/INFO]: [0;33;1m    In the future, players in variable names will use the player's UUID instead of their name. For information on how to make sure your scripts won't be impacted by this change, see https://github.com/SkriptLang/Skript/discussions/6270.[m[m
[00:01:11] [Server thread/INFO]: [0;33;22m    Line: [0;37;22madd arg 2 to {balance.%arg-1%}[m[m
[00:01:11] [Server thread/INFO]:  [m[m
[00:01:11] [Server thread/INFO]: [Skript] [0;33;22m[21mLine 118:[0;37;22m (EconomyHandler.sk)[m[m
[00:01:11] [Server thread/INFO]: [0;33;1m    In the future, players in variable names will use the player's UUID instead of their name. For information on how to make sure your scripts won't be impacted by this change, see https://github.com/SkriptLang/Skript/discussions/6270.[m[m
[00:01:11] [Server thread/INFO]: [0;33;22m    Line: [0;37;22msend "&2[&6$&2]&r &2New Balance: &3%{balance.%arg-1%}%&6$"[m[m
[00:01:11] [Server thread/INFO]:  [m[m
[00:01:11] [Server thread/INFO]: [Skript] [0;33;22m[21mLine 127:[0;37;22m (EconomyHandler.sk)[m[m
[00:01:11] [Server thread/INFO]: [0;33;1m    In the future, players in variable names will use the player's UUID instead of their name. For information on how to make sure your scripts won't be impacted by this change, see https://github.com/SkriptLang/Skript/discussions/6270.[m[m
[00:01:11] [Server thread/INFO]: [0;33;22m    Line: [0;37;22mset {balance.%arg-1%} to 0[m[m
[00:01:11] [Server thread/INFO]:  [m[m
[00:01:11] [Server thread/INFO]: [Skript] [0;33;22m[21mLine 186:[0;37;22m (EconomyHandler.sk)[m[m
[00:01:11] [Server thread/INFO]: [0;33;1m    In the future, players in variable names will use the player's UUID instead of their name. For information on how to make sure your scripts won't be impacted by this change, see https://github.com/SkriptLang/Skript/discussions/6270.[m[m
[00:01:11] [Server thread/INFO]: [0;33;22m    Line: [0;37;22mif {bankbalance.%player%} doesn't exist:[m[m
[00:01:11] [Server thread/INFO]:  [m[m
[00:01:11] [Server thread/INFO]: [Skript] [0;33;22m[21mLine 187:[0;37;22m (EconomyHandler.sk)[m[m
[00:01:11] [Server thread/INFO]: [0;33;1m    In the future, players in variable names will use the player's UUID instead of their name. For information on how to make sure your scripts won't be impacted by this change, see https://github.com/SkriptLang/Skript/discussions/6270.[m[m
[00:01:11] [Server thread/INFO]: [0;33;22m    Line: [0;37;22mset {bankbalance.%player%} to 0[m[m
[00:01:11] [Server thread/INFO]:  [m[m
[00:01:11] [Server thread/INFO]: [Skript] [0;33;22m[21mLine 192:[0;37;22m (EconomyHandler.sk)[m[m
[00:01:11] [Server thread/INFO]: [0;33;1m    In the future, players in variable names will use the player's UUID instead of their name. For information on how to make sure your scripts won't be impacted by this change, see https://github.com/SkriptLang/Skript/discussions/6270.[m[m
[00:01:11] [Server thread/INFO]: [0;33;22m    Line: [0;37;22mif {bankbalance.%arg-2%} doesn't exist:[m[m
[00:01:11] [Server thread/INFO]:  [m[m
[00:01:11] [Server thread/INFO]: [Skript] [0;33;22m[21mLine 193:[0;37;22m (EconomyHandler.sk)[m[m
[00:01:11] [Server thread/INFO]: [0;33;1m    In the future, players in variable names will use the player's UUID instead of their name. For information on how to make sure your scripts won't be impacted by this change, see https://github.com/SkriptLang/Skript/discussions/6270.[m[m
[00:01:11] [Server thread/INFO]: [0;33;22m    Line: [0;37;22mset {bankbalance.%arg-2%} to 0[m[m
[00:01:11] [Server thread/INFO]:  [m[m
[00:01:11] [Server thread/INFO]: [Skript] [0;33;22m[21mLine 199:[0;37;22m (EconomyHandler.sk)[m[m
[00:01:11] [Server thread/INFO]: [0;33;1m    In the future, players in variable names will use the player's UUID instead of their name. For information on how to make sure your scripts won't be impacted by this change, see https://github.com/SkriptLang/Skript/discussions/6270.[m[m
[00:01:11] [Server thread/INFO]: [0;33;22m    Line: [0;37;22mif {bankbalance.%player%} doesn't exist:[m[m
[00:01:11] [Server thread/INFO]:  [m[m
[00:01:11] [Server thread/INFO]: [Skript] [0;33;22m[21mLine 202:[0;37;22m (EconomyHandler.sk)[m[m
[00:01:11] [Server thread/INFO]: [0;33;1m    In the future, players in variable names will use the player's UUID instead of their name. For information on how to make sure your scripts won't be impacted by this change, see https://github.com/SkriptLang/Skript/discussions/6270.[m[m
[00:01:11] [Server thread/INFO]: [0;33;22m    Line: [0;37;22mclear {bankbalance.%player%}[m[m
[00:01:11] [Server thread/INFO]:  [m[m
[00:01:11] [Server thread/INFO]: [Skript] [0;33;22m[21mLine 205:[0;37;22m (EconomyHandler.sk)[m[m
[00:01:11] [Server thread/INFO]: [0;33;1m    In the future, players in variable names will use the player's UUID instead of their name. For information on how to make sure your scripts won't be impacted by this change, see https://github.com/SkriptLang/Skript/discussions/6270.[m[m
[00:01:11] [Server thread/INFO]: [0;33;22m    Line: [0;37;22mclear {bankbalance.%arg-2%}[m[m
[00:01:11] [Server thread/INFO]:  [m[m
[00:01:11] [Server thread/INFO]: [Skript] [0;33;22m[21mLine 209:[0;37;22m (EconomyHandler.sk)[m[m
[00:01:11] [Server thread/INFO]: [0;33;1m    In the future, players in variable names will use the player's UUID instead of their name. For information on how to make sure your scripts won't be impacted by this change, see https://github.com/SkriptLang/Skript/discussions/6270.[m[m
[00:01:11] [Server thread/INFO]: [0;33;22m    Line: [0;37;22mif {bankbalance.%player%} doesn't exist:[m[m
[00:01:11] [Server thread/INFO]:  [m[m
[00:01:11] [Server thread/INFO]: [Skript] [0;33;22m[21mLine 212:[0;37;22m (EconomyHandler.sk)[m[m
[00:01:11] [Server thread/INFO]: [0;33;1m    In the future, players in variable names will use the player's UUID instead of their name. For information on how to make sure your scripts won't be impacted by this change, see https://github.com/SkriptLang/Skript/discussions/6270.[m[m
[00:01:11] [Server thread/INFO]: [0;33;22m    Line: [0;37;22msend "&2[&6$&2]&r &2Your bank balance: %{bankbalance.%player%}%"[m[m
[00:01:11] [Server thread/INFO]:  [m[m
[00:01:11] [Server thread/INFO]: [Skript] [0;33;22m[21mLine 214:[0;37;22m (EconomyHandler.sk)[m[m
[00:01:11] [Server thread/INFO]: [0;33;1m    In the future, players in variable names will use the player's UUID instead of their name. For information on how to make sure your scripts won't be impacted by this change, see https://github.com/SkriptLang/Skript/discussions/6270.[m[m
[00:01:11] [Server thread/INFO]: [0;33;22m    Line: [0;37;22mif {bankbalance.%arg-2%} doesn't exist:[m[m
[00:01:11] [Server thread/INFO]:  [m[m
[00:01:11] [Server thread/INFO]: [Skript] [0;33;22m[21mLine 217:[0;37;22m (EconomyHandler.sk)[m[m
[00:01:11] [Server thread/INFO]: [0;33;1m    In the future, players in variable names will use the player's UUID instead of their name. For information on how to make sure your scripts won't be impacted by this change, see https://github.com/SkriptLang/Skript/discussions/6270.[m[m
[00:01:11] [Server thread/INFO]: [0;33;22m    Line: [0;37;22msend "&2[&6$&2]&r &2%arg-2%'s bank balance is: %{bankbalance.%arg-2%}%"[m[m
[00:01:11] [Server thread/INFO]:  [m[m
[00:01:11] [Server thread/INFO]: [Skript] [0;33;22m[21mLine 222:[0;37;22m (EconomyHandler.sk)[m[m
[00:01:11] [Server thread/INFO]: [0;33;1m    In the future, players in variable names will use the player's UUID instead of their name. For information on how to make sure your scripts won't be impacted by this change, see https://github.com/SkriptLang/Skript/discussions/6270.[m[m
[00:01:11] [Server thread/INFO]: [0;33;22m    Line: [0;37;22mif {bankbalance.%player%} doesn't exist:[m[m
[00:01:11] [Server thread/INFO]:  [m[m
[00:01:11] [Server thread/INFO]: [Skript] [0;33;22m[21mLine 228:[0;37;22m (EconomyHandler.sk)[m[m
[00:01:11] [Server thread/INFO]: [0;33;1m    In the future, players in variable names will use the player's UUID instead of their name. For information on how to make sure your scripts won't be impacted by this change, see https://github.com/SkriptLang/Skript/discussions/6270.[m[m
[00:01:11] [Server thread/INFO]: [0;33;22m    Line: [0;37;22mif arg-1 > {balance.%player%}:[m[m
[00:01:11] [Server thread/INFO]:  [m[m
[00:01:11] [Server thread/INFO]: [Skript] [0;33;22m[21mLine 231:[0;37;22m (EconomyHandler.sk)[m[m
[00:01:11] [Server thread/INFO]: [0;33;1m    In the future, players in variable names will use the player's UUID instead of their name. For information on how to make sure your scripts won't be impacted by this change, see https://github.com/SkriptLang/Skript/discussions/6270.[m[m
[00:01:11] [Server thread/INFO]: [0;33;22m    Line: [0;37;22mremove arg-1 from {balance.%player%}[m[m
[00:01:11] [Server thread/INFO]:  [m[m
[00:01:11] [Server thread/INFO]: [Skript] [0;33;22m[21mLine 232:[0;37;22m (EconomyHandler.sk)[m[m
[00:01:11] [Server thread/INFO]: [0;33;1m    In the future, players in variable names will use the player's UUID instead of their name. For information on how to make sure your scripts won't be impacted by this change, see https://github.com/SkriptLang/Skript/discussions/6270.[m[m
[00:01:11] [Server thread/INFO]: [0;33;22m    Line: [0;37;22madd arg-1 to {bankbalance.%player%}[m[m
[00:01:11] [Server thread/INFO]:  [m[m
[00:01:11] [Server thread/INFO]: [Skript] [0;33;22m[21mLine 240:[0;37;22m (EconomyHandler.sk)[m[m
[00:01:11] [Server thread/INFO]: [0;33;1m    In the future, players in variable names will use the player's UUID instead of their name. For information on how to make sure your scripts won't be impacted by this change, see https://github.com/SkriptLang/Skript/discussions/6270.[m[m
[00:01:11] [Server thread/INFO]: [0;33;22m    Line: [0;37;22mif {bankbalance.%player%} doesn't exist:[m[m
[00:01:11] [Server thread/INFO]:  [m[m
[00:01:11] [Server thread/INFO]: [Skript] [0;33;22m[21mLine 246:[0;37;22m (EconomyHandler.sk)[m[m
[00:01:11] [Server thread/INFO]: [0;33;1m    In the future, players in variable names will use the player's UUID instead of their name. For information on how to make sure your scripts won't be impacted by this change, see https://github.com/SkriptLang/Skript/discussions/6270.[m[m
[00:01:11] [Server thread/INFO]: [0;33;22m    Line: [0;37;22mif arg-1 > {bankbalance.%player%}:[m[m
[00:01:11] [Server thread/INFO]:  [m[m
[00:01:11] [Server thread/INFO]: [Skript] [0;33;22m[21mLine 249:[0;37;22m (EconomyHandler.sk)[m[m
[00:01:11] [Server thread/INFO]: [0;33;1m    In the future, players in variable names will use the player's UUID instead of their name. For information on how to make sure your scripts won't be impacted by this change, see https://github.com/SkriptLang/Skript/discussions/6270.[m[m
[00:01:11] [Server thread/INFO]: [0;33;22m    Line: [0;37;22mremove arg-1 from {bankbalance.%player%}[m[m
[00:01:11] [Server thread/INFO]:  [m[m
[00:01:11] [Server thread/INFO]: [Skript] [0;33;22m[21mLine 250:[0;37;22m (EconomyHandler.sk)[m[m
[00:01:11] [Server thread/INFO]: [0;33;1m    In the future, players in variable names will use the player's UUID instead of their name. For information on how to make sure your scripts won't be impacted by this change, see https://github.com/SkriptLang/Skript/discussions/6270.[m[m
[00:01:11] [Server thread/INFO]: [0;33;22m    Line: [0;37;22madd arg-1 to {balance.%player%}[m[m
[00:01:11] [Server thread/INFO]:  [m[m
[00:01:11] [Server thread/INFO]: [Skript] [0;33;22m[21mLine 259:[0;37;22m (EconomyHandler.sk)[m[m
[00:01:11] [Server thread/INFO]: [0;33;1m    In the future, players in variable names will use the player's UUID instead of their name. For information on how to make sure your scripts won't be impacted by this change, see https://github.com/SkriptLang/Skript/discussions/6270.[m[m
[00:01:11] [Server thread/INFO]: [0;33;22m    Line: [0;37;22mif {bankbalance.%arg-1%} doesn't exist:[m[m
[00:01:11] [Server thread/INFO]:  [m[m
[00:01:11] [Server thread/INFO]: [Skript] [0;33;22m[21mLine 269:[0;37;22m (EconomyHandler.sk)[m[m
[00:01:11] [Server thread/INFO]: [0;33;1m    In the future, players in variable names will use the player's UUID instead of their name. For information on how to make sure your scripts won't be impacted by this change, see https://github.com/SkriptLang/Skript/discussions/6270.[m[m
[00:01:11] [Server thread/INFO]: [0;33;22m    Line: [0;37;22madd arg-2 to {bankbalance.%arg-1%}[m[m
[00:01:11] [Server thread/INFO]:  [m[m
[00:01:11] [Server thread/INFO]: [Skript] [0;33;22m[21mLine 276:[0;37;22m (EconomyHandler.sk)[m[m
[00:01:11] [Server thread/INFO]: [0;33;1m    In the future, players in variable names will use the player's UUID instead of their name. For information on how to make sure your scripts won't be impacted by this change, see https://github.com/SkriptLang/Skript/discussions/6270.[m[m
[00:01:11] [Server thread/INFO]: [0;33;22m    Line: [0;37;22mif {bankbalance.%arg-1%} doesn't exist:[m[m
[00:01:11] [Server thread/INFO]:  [m[m
[00:01:11] [Server thread/INFO]: [Skript] [0;33;22m[21mLine 285:[0;37;22m (EconomyHandler.sk)[m[m
[00:01:11] [Server thread/INFO]: [0;33;1m    In the future, players in variable names will use the player's UUID instead of their name. For information on how to make sure your scripts won't be impacted by this change, see https://github.com/SkriptLang/Skript/discussions/6270.[m[m
[00:01:11] [Server thread/INFO]: [0;33;22m    Line: [0;37;22mif arg-2 > {bankbalance.%arg-1%}:[m[m
[00:01:11] [Server thread/INFO]:  [m[m
[00:01:11] [Server thread/INFO]: [Skript] [0;33;22m[21mLine 289:[0;37;22m (EconomyHandler.sk)[m[m
[00:01:11] [Server thread/INFO]: [0;33;1m    In the future, players in variable names will use the player's UUID instead of their name. For information on how to make sure your scripts won't be impacted by this change, see https://github.com/SkriptLang/Skript/discussions/6270.[m[m
[00:01:11] [Server thread/INFO]: [0;33;22m    Line: [0;37;22mremove arg-2 from {bankbalance.%arg-1%}[m[m
[00:01:11] [Server thread/INFO]:  [m[m
[00:01:11] [Server thread/INFO]: [Skript] [0;33;22m[21mLine 295:[0;37;22m (EconomyHandler.sk)[m[m
[00:01:11] [Server thread/INFO]: [0;33;1m    In the future, players in variable names will use the player's UUID instead of their name. For information on how to make sure your scripts won't be impacted by this change, see https://github.com/SkriptLang/Skript/discussions/6270.[m[m
[00:01:11] [Server thread/INFO]: [0;33;22m    Line: [0;37;22mif {bankbalance.%arg-1%} doesn't exist:[m[m
[00:01:11] [Server thread/INFO]:  [m[m
[00:01:11] [Server thread/INFO]: [Skript] [0;33;22m[21mLine 301:[0;37;22m (EconomyHandler.sk)[m[m
[00:01:11] [Server thread/INFO]: [0;33;1m    In the future, players in variable names will use the player's UUID instead of their name. For information on how to make sure your scripts won't be impacted by this change, see https://github.com/SkriptLang/Skript/discussions/6270.[m[m
[00:01:11] [Server thread/INFO]: [0;33;22m    Line: [0;37;22mset {bankbalance.%arg-1%} to arg-2[m[m
[00:01:11] [Server thread/INFO]:  [m[m
[00:01:11] [Server thread/INFO]: [Skript] [0;31;1m[21mLine 25:[0;37;22m (InvTweaks.sk)[m[m
[00:01:11] [Server thread/INFO]: [0;31;1m    A command with the name /it is already defined in InvTweaks.sk[m[m
[00:01:11] [Server thread/INFO]: [0;33;22m    Line: [0;37;22mcommand /it delete_element <text> [from] <text>:[m[m
[00:01:11] [Server thread/INFO]:  [m[m
[00:01:11] [Server thread/INFO]: [Skript] [0;31;1m[21mLine 33:[0;37;22m (InvTweaks.sk)[m[m
[00:01:11] [Server thread/INFO]: [0;31;1m    A command with the name /it is already defined in InvTweaks.sk[m[m
[00:01:11] [Server thread/INFO]: [0;33;22m    Line: [0;37;22mcommand /it delete_set <text>:[m[m
[00:01:11] [Server thread/INFO]:  [m[m
[00:01:11] [Server thread/INFO]: [Skript] [0;33;22m[21mLine 14:[0;37;22m (Shop.sk)[m[m
[00:01:11] [Server thread/INFO]: [0;33;1m    In the future, players in variable names will use the player's UUID instead of their name. For information on how to make sure your scripts won't be impacted by this change, see https://github.com/SkriptLang/Skript/discussions/6270.[m[m
[00:01:11] [Server thread/INFO]: [0;33;22m    Line: [0;37;22mset {Shop.openinv.%player%} to 1[m[m
[00:01:11] [Server thread/INFO]:  [m[m
[00:01:11] [Server thread/INFO]: [Skript] [0;33;22m[21mLine 15:[0;37;22m (Shop.sk)[m[m
[00:01:11] [Server thread/INFO]: [0;33;1m    In the future, players in variable names will use the player's UUID instead of their name. For information on how to make sure your scripts won't be impacted by this change, see https://github.com/SkriptLang/Skript/discussions/6270.[m[m
[00:01:11] [Server thread/INFO]: [0;33;22m    Line: [0;37;22mset slot 53 of {Shop.shopgui.%{Shop.openinv.%player%}%} to emerald named "&2%{balance.%player%}%{@CURRENCY}"[m[m
[00:01:11] [Server thread/INFO]:  [m[m
[00:01:11] [Server thread/INFO]: [Skript] [0;33;22m[21mLine 15:[0;37;22m (Shop.sk)[m[m
[00:01:11] [Server thread/INFO]: [0;33;1m    In the future, players in variable names will use the player's UUID instead of their name. For information on how to make sure your scripts won't be impacted by this change, see https://github.com/SkriptLang/Skript/discussions/6270.[m[m
[00:01:11] [Server thread/INFO]: [0;33;22m    Line: [0;37;22mset slot 53 of {Shop.shopgui.%{Shop.openinv.%player%}%} to emerald named "&2%{balance.%player%}%{@CURRENCY}"[m[m
[00:01:11] [Server thread/INFO]:  [m[m
[00:01:11] [Server thread/INFO]: [Skript] [0;33;22m[21mLine 137:[0;37;22m (Shop.sk)[m[m
[00:01:11] [Server thread/INFO]: [0;33;1m    Starting a variable's name with an expression is discouraged ({%arg-1%}). You could prefix it with the script's name: {Shop::%arg-1%}[m[m
[00:01:11] [Server thread/INFO]: [0;33;22m    Line: [0;37;22mdelete {%arg-1%}[m[m
[00:01:11] [Server thread/INFO]:  [m[m
[00:01:11] [Server thread/INFO]: [Skript] [0;33;22m[21mLine 144:[0;37;22m (Shop.sk)[m[m
[00:01:11] [Server thread/INFO]: [0;33;1m    Starting a variable's name with an expression is discouraged ({%arg-1%::*}). You could prefix it with the script's name: {Shop::%arg-1%::*}[m[m
[00:01:11] [Server thread/INFO]: [0;33;22m    Line: [0;37;22mloop {%arg-1%::*}:[m[m
[00:01:11] [Server thread/INFO]:  [m[m
[00:01:11] [Server thread/INFO]: [Skript] [0;33;22m[21mLine 147:[0;37;22m (Shop.sk)[m[m
[00:01:11] [Server thread/INFO]: [0;33;1m    Starting a variable's name with an expression is discouraged ({%arg-1%}). You could prefix it with the script's name: {Shop::%arg-1%}[m[m
[00:01:11] [Server thread/INFO]: [0;33;22m    Line: [0;37;22msend "%{%arg-1%}%"[m[m
[00:01:11] [Server thread/INFO]:  [m[m
[00:01:11] [Server thread/INFO]: [Skript] [0;33;22m[21mLine 159:[0;37;22m (Shop.sk)[m[m
[00:01:11] [Server thread/INFO]: [0;33;1m    In the future, players in variable names will use the player's UUID instead of their name. For information on how to make sure your scripts won't be impacted by this change, see https://github.com/SkriptLang/Skript/discussions/6270.[m[m
[00:01:11] [Server thread/INFO]: [0;33;22m    Line: [0;37;22madd ({Shop.material.price.%{Shop.materials::%{_position}%}%} * {_amnt}) to {balance.%player%}[m[m
[00:01:11] [Server thread/INFO]:  [m[m
[00:01:11] [Server thread/INFO]: [Skript] [0;33;22m[21mLine 202:[0;37;22m (Shop.sk)[m[m
[00:01:11] [Server thread/INFO]: [0;33;1m    In the future, players in variable names will use the player's UUID instead of their name. For information on how to make sure your scripts won't be impacted by this change, see https://github.com/SkriptLang/Skript/discussions/6270.[m[m
[00:01:11] [Server thread/INFO]: [0;33;22m    Line: [0;37;22mif {balance.%player%} >= {_totalCost}:[m[m
[00:01:11] [Server thread/INFO]:  [m[m
[00:01:11] [Server thread/INFO]: [Skript] [0;33;22m[21mLine 203:[0;37;22m (Shop.sk)[m[m
[00:01:11] [Server thread/INFO]: [0;33;1m    In the future, players in variable names will use the player's UUID instead of their name. For information on how to make sure your scripts won't be impacted by this change, see https://github.com/SkriptLang/Skript/discussions/6270.[m[m
[00:01:11] [Server thread/INFO]: [0;33;22m    Line: [0;37;22mremove {_totalCost} from {balance.%player%}[m[m
[00:01:11] [Server thread/INFO]:  [m[m
[00:01:11] [Server thread/INFO]: [Skript] [0;33;22m[21mLine 3:[0;37;22m (Utilities.sk)[m[m
[00:01:11] [Server thread/INFO]: [0;33;1m    In the future, players in variable names will use the player's UUID instead of their name. For information on how to make sure your scripts won't be impacted by this change, see https://github.com/SkriptLang/Skript/discussions/6270.[m[m
[00:01:11] [Server thread/INFO]: [0;33;22m    Line: [0;37;22mif {balance.%player%} >= 500:[m[m
[00:01:11] [Server thread/INFO]:  [m[m
[00:01:11] [Server thread/INFO]: [Skript] [0;33;22m[21mLine 4:[0;37;22m (Utilities.sk)[m[m
[00:01:11] [Server thread/INFO]: [0;33;1m    In the future, players in variable names will use the player's UUID instead of their name. For information on how to make sure your scripts won't be impacted by this change, see https://github.com/SkriptLang/Skript/discussions/6270.[m[m
[00:01:11] [Server thread/INFO]: [0;33;22m    Line: [0;37;22mremove 500 from {balance.%player%}[m[m
[00:01:11] [Server thread/INFO]:  [m[m
[00:01:11] [Server thread/INFO]: [Skript] [0;33;22m[21mLine 20:[0;37;22m (Utilities.sk)[m[m
[00:01:11] [Server thread/INFO]: [0;33;1m    the substring of {_t} from index {_s} to {_n} - 1 is already a text, so you should not put it in one (e.g. the substring of {_t} from index {_s} to {_n} - 1 instead of "%the substring of {_t} from index {_s} to {_n} - 1%")[m[m
[00:01:11] [Server thread/INFO]: [0;33;22m    Line: [0;37;22msend "%subtext of {_t} from characters {_s} to {_n}-1%"[m[m
[00:01:11] [Server thread/INFO]:  [m[m
[00:01:11] [Server thread/INFO]: [Skript] [0;33;22m[21mLine 13:[0;37;22m (DeadLocation.sk)[m[m
[00:01:11] [Server thread/INFO]: [0;33;1m    In the future, players in variable names will use the player's UUID instead of their name. For information on how to make sure your scripts won't be impacted by this change, see https://github.com/SkriptLang/Skript/discussions/6270.[m[m
[00:01:11] [Server thread/INFO]: [0;33;22m    Line: [0;37;22mset {deathpos.%event-player%} to past event-location[m[m
[00:01:11] [Server thread/INFO]:  [m[m
[00:01:11] [Server thread/INFO]: [Skript] [0;33;22m[21mLine 31:[0;37;22m (EconomyHandler.sk)[m[m
[00:01:11] [Server thread/INFO]: [0;33;1m    In the future, players in variable names will use the player's UUID instead of their name. For information on how to make sure your scripts won't be impacted by this change, see https://github.com/SkriptLang/Skript/discussions/6270.[m[m
[00:01:11] [Server thread/INFO]: [0;33;22m    Line: [0;37;22mif {balance.%player%} doesn't exist:[m[m
[00:01:11] [Server thread/INFO]:  [m[m
[00:01:11] [Server thread/INFO]: [Skript] [0;33;22m[21mLine 32:[0;37;22m (EconomyHandler.sk)[m[m
[00:01:11] [Server thread/INFO]: [0;33;1m    In the future, players in variable names will use the player's UUID instead of their name. For information on how to make sure your scripts won't be impacted by this change, see https://github.com/SkriptLang/Skript/discussions/6270.[m[m
[00:01:11] [Server thread/INFO]: [0;33;22m    Line: [0;37;22mset {balance.%player%} to 0[m[m
[00:01:11] [Server thread/INFO]:  [m[m
[00:01:11] [Server thread/INFO]: [Skript] [0;33;22m[21mLine 71:[0;37;22m (Shop.sk)[m[m
[00:01:11] [Server thread/INFO]: [0;33;1m    In the future, players in variable names will use the player's UUID instead of their name. For information on how to make sure your scripts won't be impacted by this change, see https://github.com/SkriptLang/Skript/discussions/6270.[m[m
[00:01:11] [Server thread/INFO]: [0;33;22m    Line: [0;37;22madd 1 to {Shop.openinv.%player%}[m[m
[00:01:11] [Server thread/INFO]:  [m[m
[00:01:11] [Server thread/INFO]: [Skript] [0;33;22m[21mLine 72:[0;37;22m (Shop.sk)[m[m
[00:01:11] [Server thread/INFO]: [0;33;1m    In the future, players in variable names will use the player's UUID instead of their name. For information on how to make sure your scripts won't be impacted by this change, see https://github.com/SkriptLang/Skript/discussions/6270.[m[m
[00:01:11] [Server thread/INFO]: [0;33;22m    Line: [0;37;22mopen {Shop.shopgui.%{Shop.openinv.%player%}%} to player[m[m
[00:01:11] [Server thread/INFO]:  [m[m
[00:01:11] [Server thread/INFO]: [Skript] [0;33;22m[21mLine 76:[0;37;22m (Shop.sk)[m[m
[00:01:11] [Server thread/INFO]: [0;33;1m    In the future, players in variable names will use the player's UUID instead of their name. For information on how to make sure your scripts won't be impacted by this change, see https://github.com/SkriptLang/Skript/discussions/6270.[m[m
[00:01:11] [Server thread/INFO]: [0;33;22m    Line: [0;37;22mremove 1 from {Shop.openinv.%player%}[m[m
[00:01:11] [Server thread/INFO]:  [m[m
[00:01:11] [Server thread/INFO]: [Skript] [0;33;22m[21mLine 77:[0;37;22m (Shop.sk)[m[m
[00:01:11] [Server thread/INFO]: [0;33;1m    In the future, players in variable names will use the player's UUID instead of their name. For information on how to make sure your scripts won't be impacted by this change, see https://github.com/SkriptLang/Skript/discussions/6270.[m[m
[00:01:11] [Server thread/INFO]: [0;33;22m    Line: [0;37;22mopen {Shop.shopgui.%{Shop.openinv.%player%}%} to player[m[m
[00:01:11] [Server thread/INFO]:  [m[m
[00:01:11] [Server thread/INFO]: [Skript] [0;33;22m[21mLine 79:[0;37;22m (Shop.sk)[m[m
[00:01:11] [Server thread/INFO]: [0;33;1m    In the future, players in variable names will use the player's UUID instead of their name. For information on how to make sure your scripts won't be impacted by this change, see https://github.com/SkriptLang/Skript/discussions/6270.[m[m
[00:01:11] [Server thread/INFO]: [0;33;22m    Line: [0;37;22mset {_calc} to index of event-slot + ({Shop.openinv.%player%} - 1) * 45 + 1[m[m
[00:01:11] [Server thread/INFO]:  [m[m
[00:01:11] [Server thread/INFO]: [Skript] [0;33;22m[21mLine 88:[0;37;22m (Shop.sk)[m[m
[00:01:11] [Server thread/INFO]: [0;33;1m    In the future, players in variable names will use the player's UUID instead of their name. For information on how to make sure your scripts won't be impacted by this change, see https://github.com/SkriptLang/Skript/discussions/6270.[m[m
[00:01:11] [Server thread/INFO]: [0;33;22m    Line: [0;37;22madd {_price} to {balance.%player%}[m[m
[00:01:11] [Server thread/INFO]:  [m[m
[00:01:11] [Server thread/INFO]: [Skript] [0;33;22m[21mLine 102:[0;37;22m (Shop.sk)[m[m
[00:01:11] [Server thread/INFO]: [0;33;1m    In the future, players in variable names will use the player's UUID instead of their name. For information on how to make sure your scripts won't be impacted by this change, see https://github.com/SkriptLang/Skript/discussions/6270.[m[m
[00:01:11] [Server thread/INFO]: [0;33;22m    Line: [0;37;22madd ({_t}*{_price}) to {balance.%player%}[m[m
[00:01:11] [Server thread/INFO]:  [m[m
[00:01:11] [Server thread/INFO]: [Skript] [0;33;22m[21mLine 109:[0;37;22m (Shop.sk)[m[m
[00:01:11] [Server thread/INFO]: [0;33;1m    In the future, players in variable names will use the player's UUID instead of their name. For information on how to make sure your scripts won't be impacted by this change, see https://github.com/SkriptLang/Skript/discussions/6270.[m[m
[00:01:11] [Server thread/INFO]: [0;33;22m    Line: [0;37;22mif {balance.%player%} >= {_price}:[m[m
[00:01:11] [Server thread/INFO]:  [m[m
[00:01:11] [Server thread/INFO]: [Skript] [0;33;22m[21mLine 110:[0;37;22m (Shop.sk)[m[m
[00:01:11] [Server thread/INFO]: [0;33;1m    In the future, players in variable names will use the player's UUID instead of their name. For information on how to make sure your scripts won't be impacted by this change, see https://github.com/SkriptLang/Skript/discussions/6270.[m[m
[00:01:11] [Server thread/INFO]: [0;33;22m    Line: [0;37;22mremove {_price} from {balance.%player%}[m[m
[00:01:11] [Server thread/INFO]:  [m[m
[00:01:11] [Server thread/INFO]: [Skript] [0;33;22m[21mLine 120:[0;37;22m (Shop.sk)[m[m
[00:01:11] [Server thread/INFO]: [0;33;1m    In the future, players in variable names will use the player's UUID instead of their name. For information on how to make sure your scripts won't be impacted by this change, see https://github.com/SkriptLang/Skript/discussions/6270.[m[m
[00:01:11] [Server thread/INFO]: [0;33;22m    Line: [0;37;22mif {balance.%player%} >= (64 * {_price}):[m[m
[00:01:11] [Server thread/INFO]:  [m[m
[00:01:11] [Server thread/INFO]: [Skript] [0;33;22m[21mLine 121:[0;37;22m (Shop.sk)[m[m
[00:01:11] [Server thread/INFO]: [0;33;1m    In the future, players in variable names will use the player's UUID instead of their name. For information on how to make sure your scripts won't be impacted by this change, see https://github.com/SkriptLang/Skript/discussions/6270.[m[m
[00:01:11] [Server thread/INFO]: [0;33;22m    Line: [0;37;22mremove (64 * {_price}) from {balance.%player%}[m[m
[00:01:11] [Server thread/INFO]:  [m[m
[00:01:11] [Server thread/INFO]: [Skript] [0;33;22m[21mLine 130:[0;37;22m (Shop.sk)[m[m
[00:01:11] [Server thread/INFO]: [0;33;1m    In the future, players in variable names will use the player's UUID instead of their name. For information on how to make sure your scripts won't be impacted by this change, see https://github.com/SkriptLang/Skript/discussions/6270.[m[m
[00:01:11] [Server thread/INFO]: [0;33;22m    Line: [0;37;22mset slot 53 of {Shop.shopgui.%{Shop.openinv.%player%}%} to emerald named "&2%{balance.%player%}%{@CURRENCY}"[m[m
[00:01:11] [Server thread/INFO]:  [m[m
[00:01:11] [Server thread/INFO]: [Skript] [0;33;22m[21mLine 130:[0;37;22m (Shop.sk)[m[m
[00:01:11] [Server thread/INFO]: [0;33;1m    In the future, players in variable names will use the player's UUID instead of their name. For information on how to make sure your scripts won't be impacted by this change, see https://github.com/SkriptLang/Skript/discussions/6270.[m[m
[00:01:11] [Server thread/INFO]: [0;33;22m    Line: [0;37;22mset slot 53 of {Shop.shopgui.%{Shop.openinv.%player%}%} to emerald named "&2%{balance.%player%}%{@CURRENCY}"[m[m
[00:01:11] [Server thread/INFO]:  [m[m
[00:01:11] [Server thread/INFO]: [Skript] [0;33;22m[21mLine 131:[0;37;22m (Shop.sk)[m[m
[00:01:11] [Server thread/INFO]: [0;33;1m    In the future, players in variable names will use the player's UUID instead of their name. For information on how to make sure your scripts won't be impacted by this change, see https://github.com/SkriptLang/Skript/discussions/6270.[m[m
[00:01:11] [Server thread/INFO]: [0;33;22m    Line: [0;37;22mopen {Shop.shopgui.%{Shop.openinv.%player%}%}[m[m
[00:01:11] [Server thread/INFO]:  [m[m
[00:01:11] [Server thread/INFO]: [Skript] Loaded 9 scripts with a total of 44 structures in 0.57 seconds[m
[00:01:11] [Server thread/INFO]: [Skript] Finished loading.[m
[00:01:11] [Server thread/WARN]: [ViaVersion] There is a newer plugin version available: 5.2.1, you're on: 4.10.1
[00:02:18] [Server thread/INFO]: Stopping the server
[00:02:18] [Server thread/INFO]: Stopping server
[00:02:18] [Server thread/INFO]: [SkQuery] Disabling SkQuery v4.1.9
[00:02:18] [Server thread/INFO]: [skript-gui] Disabling skript-gui v1.3
[00:02:18] [Server thread/INFO]: [ChunkLoader] Disabling ChunkLoader v3.2.1
[00:02:18] [Server thread/INFO]: [0;37;22m[m
[00:02:18] [Server thread/INFO]: [0;36;22m* ChunkLoader [0;31;1mDisabled[m
[00:02:18] [Server thread/INFO]: [0;36;22m*[m
[00:02:18] [Server thread/INFO]: [0;36;22m* [0;36;1mVersion: [0;37;1m3.2.1[m
[00:02:18] [Server thread/INFO]: [0;36;22m* [0;36;1mAuthor: [0;37;1mKayTeam[m
[00:02:18] [Server thread/INFO]: [0;36;22m* [0;36;1mWebsite: [0;37;1mhttps://kayteam.org[m
[00:02:18] [Server thread/INFO]: [0;36;22m*[m
[00:02:18] [Server thread/INFO]: [0;36;22m* [0;36;1mI like the bread![m
[00:02:18] [Server thread/INFO]: [0;37;22m[m
[00:02:18] [Server thread/INFO]: [Skript] Disabling Skript v2.8.5
[00:02:18] [Server thread/INFO]: [ViaVersion] Disabling ViaVersion v4.10.1
[00:02:18] [Server thread/INFO]: [ViaVersion] ViaVersion is disabling, if this is a reload and you experience issues consider rebooting.
[00:02:18] [Server thread/INFO]: [Elevator] Disabling Elevator v3.13.0
[00:02:18] [Server thread/INFO]: Saving players
[00:02:18] [Server thread/INFO]: Saving worlds
[00:02:19] [Server thread/INFO]: Saving chunks for level 'ServerLevel[world]'/minecraft:overworld
[00:02:19] [Server thread/INFO]: Saving chunks for level 'ServerLevel[world_nether]'/minecraft:the_nether
[00:02:19] [Server thread/INFO]: Saving chunks for level 'ServerLevel[world_the_end]'/minecraft:the_end
[00:02:19] [Server thread/INFO]: ThreadedAnvilChunkStorage (world): All chunks are saved
[00:02:19] [Server thread/INFO]: ThreadedAnvilChunkStorage (DIM-1): All chunks are saved
[00:02:19] [Server thread/INFO]: ThreadedAnvilChunkStorage (DIM1): All chunks are saved
[00:02:19] [Server thread/INFO]: ThreadedAnvilChunkStorage: All dimensions are saved
